빌드 시작: 2014-05-26 오전 2:07:09
     1>2 노드의 "C:\Users\KimSangYun\documents\visual studio 2010\Projects\hovis lite ex\hovis lite ex\hovis lite ex.vcxproj" 프로젝트(build 대상)입니다.
     1>InitializeBuildStatus:
         "AlwaysCreate"이(가) 지정되었기 때문에 "Debug\hovis lite ex.unsuccessfulbuild"을(를) 만들고 있습니다.
       ClCompile:
         C:\Program Files\Microsoft Visual Studio 10.0\VC\bin\CL.exe /c /ZI /nologo /W3 /WX- /Od /Oy- /D WIN32 /D _DEBUG /D _CONSOLE /D _UNICODE /D UNICODE /Gm /EHsc /RTC1 /MDd /GS /fp:precise /Zc:wchar_t /Zc:forScope /Fo"Debug\\" /Fd"Debug\vc100.pdb" /Gd /TP /analyze- /errorReport:prompt "hovis ex.cpp"
         hovis ex.cpp
     1>c:\users\kimsangyun\documents\visual studio 2010\projects\hovis lite ex\hovis lite ex\hovis ex.cpp(34): warning C4996: 'scanf': This function or variable may be unsafe. Consider using scanf_s instead. To disable deprecation, use _CRT_SECURE_NO_WARNINGS. See online help for details.
                 c:\program files\microsoft visual studio 10.0\vc\include\stdio.h(304) : 'scanf' 선언을 참조하십시오.
         모든 출력이 최신 상태입니다.
       ManifestResourceCompile:
         모든 출력이 최신 상태입니다.
       Link:
         C:\Program Files\Microsoft Visual Studio 10.0\VC\bin\link.exe /ERRORREPORT:PROMPT /OUT:"C:\Users\KimSangYun\documents\visual studio 2010\Projects\hovis lite ex\Debug\hovis lite ex.exe" /INCREMENTAL /NOLOGO kernel32.lib user32.lib gdi32.lib winspool.lib comdlg32.lib advapi32.lib shell32.lib ole32.lib oleaut32.lib uuid.lib odbc32.lib odbccp32.lib /MANIFEST /ManifestFile:"Debug\hovis lite ex.exe.intermediate.manifest" /MANIFESTUAC:"level='asInvoker' uiAccess='false'" /DEBUG /PDB:"C:\Users\KimSangYun\documents\visual studio 2010\Projects\hovis lite ex\Debug\hovis lite ex.pdb" /SUBSYSTEM:CONSOLE /TLBID:1 /DYNAMICBASE /NXCOMPAT /IMPLIB:"C:\Users\KimSangYun\documents\visual studio 2010\Projects\hovis lite ex\Debug\hovis lite ex.lib" /MACHINE:X86 "Debug\hovis lite ex.exe.embed.manifest.res"
         "Debug\hovis ex.obj"
         Debug\hovis.obj
       Manifest:
         C:\Program Files\Microsoft SDKs\Windows\v7.0A\bin\mt.exe /nologo /verbose /out:"Debug\hovis lite ex.exe.embed.manifest" /manifest "Debug\hovis lite ex.exe.intermediate.manifest"
         모든 출력이 최신 상태입니다.
       LinkEmbedManifest:
         모든 출력이 최신 상태입니다.
         hovis lite ex.vcxproj -> C:\Users\KimSangYun\documents\visual studio 2010\Projects\hovis lite ex\Debug\hovis lite ex.exe
       FinalizeBuildStatus:
         "Debug\hovis lite ex.unsuccessfulbuild" 파일을 삭제하고 있습니다.
         "Debug\hovis lite ex.lastbuildstate"에 연결(touching)하고 있습니다.
     1>"C:\Users\KimSangYun\documents\visual studio 2010\Projects\hovis lite ex\hovis lite ex\hovis lite ex.vcxproj" 프로젝트를 빌드했습니다(build 대상).

빌드했습니다.

경과 시간: 00:00:01.13
